[0.111s] DEBUG:colcon:Command line arguments: ['/usr/bin/colcon', 'list', '-p', '--base-paths', '/home/mehmet/code/bylizhao/teb_local_planner']
[0.111s] DEBUG:colcon:Parsed command line arguments: Namespace(base_paths=['/home/mehmet/code/bylizhao/teb_local_planner'], build_base='build', ignore_user_meta=False, log_base=None, log_level=None, main=<bound method ListVerb.main of <colcon_package_information.verb.list.ListVerb object at 0x7f5d0ff18fa0>>, metas=['./colcon.meta'], names_only=False, packages_above=None, packages_above_and_dependencies=None, packages_above_depth=None, packages_end=None, packages_ignore=None, packages_ignore_regex=None, packages_select=None, packages_select_build_failed=False, packages_select_by_dep=None, packages_select_regex=None, packages_select_test_failures=False, packages_skip=None, packages_skip_build_finished=False, packages_skip_by_dep=None, packages_skip_regex=None, packages_skip_test_passed=False, packages_skip_up_to=None, packages_start=None, packages_up_to=None, packages_up_to_regex=None, paths=None, paths_only=True, topological_graph=False, topological_graph_density=False, topological_graph_dot=False, topological_graph_dot_cluster=False, topological_graph_dot_include_skipped=False, topological_graph_legend=False, topological_order=False, verb_extension=<colcon_package_information.verb.list.ListVerb object at 0x7f5d0ff18fa0>, verb_name='list', verb_parser=<colcon_defaults.argument_parser.defaults.DefaultArgumentsDecorator object at 0x7f5d0fdc6ee0>)
[0.144s] Level 1:colcon.colcon_core.package_discovery:discover_packages(colcon_meta) check parameters
[0.144s] Level 1:colcon.colcon_core.package_discovery:discover_packages(recursive) check parameters
[0.144s] Level 1:colcon.colcon_core.package_discovery:discover_packages(ignore) check parameters
[0.144s] Level 1:colcon.colcon_core.package_discovery:discover_packages(path) check parameters
[0.144s] Level 1:colcon.colcon_core.package_discovery:discover_packages(recursive) discover
[0.144s] INFO:colcon.colcon_core.package_discovery:Crawling recursively for packages in '/home/mehmet/code/bylizhao/teb_local_planner'
[0.144s] Level 1:colcon.colcon_core.package_identification:_identify(/home/mehmet/code/bylizhao/teb_local_planner) by extensions ['ignore', 'ignore_ament_install']
[0.144s] Level 1:colcon.colcon_core.package_identification:_identify(/home/mehmet/code/bylizhao/teb_local_planner) by extension 'ignore'
[0.144s] Level 1:colcon.colcon_core.package_identification:_identify(/home/mehmet/code/bylizhao/teb_local_planner) by extension 'ignore_ament_install'
[0.144s] Level 1:colcon.colcon_core.package_identification:_identify(/home/mehmet/code/bylizhao/teb_local_planner) by extensions ['colcon_pkg']
[0.144s] Level 1:colcon.colcon_core.package_identification:_identify(/home/mehmet/code/bylizhao/teb_local_planner) by extension 'colcon_pkg'
[0.144s] Level 1:colcon.colcon_core.package_identification:_identify(/home/mehmet/code/bylizhao/teb_local_planner) by extensions ['colcon_meta']
[0.144s] Level 1:colcon.colcon_core.package_identification:_identify(/home/mehmet/code/bylizhao/teb_local_planner) by extension 'colcon_meta'
[0.144s] Level 1:colcon.colcon_core.package_identification:_identify(/home/mehmet/code/bylizhao/teb_local_planner) by extensions ['ros']
[0.144s] Level 1:colcon.colcon_core.package_identification:_identify(/home/mehmet/code/bylizhao/teb_local_planner) by extension 'ros'
[0.154s] Level 1:colcon.colcon_core.package_identification:_identify(/home/mehmet/code/bylizhao/teb_local_planner) by extensions ['cmake', 'python']
[0.154s] Level 1:colcon.colcon_core.package_identification:_identify(/home/mehmet/code/bylizhao/teb_local_planner) by extension 'cmake'
[0.154s] Level 1:colcon.colcon_core.package_identification:_identify(/home/mehmet/code/bylizhao/teb_local_planner) by extension 'python'
[0.154s] Level 1:colcon.colcon_core.package_identification:_identify(/home/mehmet/code/bylizhao/teb_local_planner) by extensions ['python_setup_py']
[0.154s] Level 1:colcon.colcon_core.package_identification:_identify(/home/mehmet/code/bylizhao/teb_local_planner) by extension 'python_setup_py'
[0.154s] Level 1:colcon.colcon_core.package_identification:_identify(/home/mehmet/code/bylizhao/teb_local_planner/log) by extensions ['ignore', 'ignore_ament_install']
[0.154s] Level 1:colcon.colcon_core.package_identification:_identify(/home/mehmet/code/bylizhao/teb_local_planner/log) by extension 'ignore'
[0.154s] Level 1:colcon.colcon_core.package_identification:_identify(/home/mehmet/code/bylizhao/teb_local_planner/log) ignored
[0.154s] Level 1:colcon.colcon_core.package_identification:_identify(/home/mehmet/code/bylizhao/teb_local_planner/teb_local_planner) by extensions ['ignore', 'ignore_ament_install']
[0.155s] Level 1:colcon.colcon_core.package_identification:_identify(/home/mehmet/code/bylizhao/teb_local_planner/teb_local_planner) by extension 'ignore'
[0.155s] Level 1:colcon.colcon_core.package_identification:_identify(/home/mehmet/code/bylizhao/teb_local_planner/teb_local_planner) by extension 'ignore_ament_install'
[0.155s] Level 1:colcon.colcon_core.package_identification:_identify(/home/mehmet/code/bylizhao/teb_local_planner/teb_local_planner) by extensions ['colcon_pkg']
[0.155s] Level 1:colcon.colcon_core.package_identification:_identify(/home/mehmet/code/bylizhao/teb_local_planner/teb_local_planner) by extension 'colcon_pkg'
[0.155s] Level 1:colcon.colcon_core.package_identification:_identify(/home/mehmet/code/bylizhao/teb_local_planner/teb_local_planner) by extensions ['colcon_meta']
[0.155s] Level 1:colcon.colcon_core.package_identification:_identify(/home/mehmet/code/bylizhao/teb_local_planner/teb_local_planner) by extension 'colcon_meta'
[0.155s] Level 1:colcon.colcon_core.package_identification:_identify(/home/mehmet/code/bylizhao/teb_local_planner/teb_local_planner) by extensions ['ros']
[0.155s] Level 1:colcon.colcon_core.package_identification:_identify(/home/mehmet/code/bylizhao/teb_local_planner/teb_local_planner) by extension 'ros'
[0.159s] DEBUG:colcon.colcon_core.package_identification:Package '/home/mehmet/code/bylizhao/teb_local_planner/teb_local_planner' with type 'ros.ament_cmake' and name 'teb_local_planner'
[0.160s] Level 1:colcon.colcon_core.package_identification:_identify(/home/mehmet/code/bylizhao/teb_local_planner/teb_msgs) by extensions ['ignore', 'ignore_ament_install']
[0.160s] Level 1:colcon.colcon_core.package_identification:_identify(/home/mehmet/code/bylizhao/teb_local_planner/teb_msgs) by extension 'ignore'
[0.160s] Level 1:colcon.colcon_core.package_identification:_identify(/home/mehmet/code/bylizhao/teb_local_planner/teb_msgs) by extension 'ignore_ament_install'
[0.160s] Level 1:colcon.colcon_core.package_identification:_identify(/home/mehmet/code/bylizhao/teb_local_planner/teb_msgs) by extensions ['colcon_pkg']
[0.160s] Level 1:colcon.colcon_core.package_identification:_identify(/home/mehmet/code/bylizhao/teb_local_planner/teb_msgs) by extension 'colcon_pkg'
[0.160s] Level 1:colcon.colcon_core.package_identification:_identify(/home/mehmet/code/bylizhao/teb_local_planner/teb_msgs) by extensions ['colcon_meta']
[0.160s] Level 1:colcon.colcon_core.package_identification:_identify(/home/mehmet/code/bylizhao/teb_local_planner/teb_msgs) by extension 'colcon_meta'
[0.160s] Level 1:colcon.colcon_core.package_identification:_identify(/home/mehmet/code/bylizhao/teb_local_planner/teb_msgs) by extensions ['ros']
[0.160s] Level 1:colcon.colcon_core.package_identification:_identify(/home/mehmet/code/bylizhao/teb_local_planner/teb_msgs) by extension 'ros'
[0.160s] DEBUG:colcon.colcon_core.package_identification:Package '/home/mehmet/code/bylizhao/teb_local_planner/teb_msgs' with type 'ros.ament_cmake' and name 'teb_msgs'
[0.160s] Level 1:colcon.colcon_core.package_discovery:discover_packages(recursive) using defaults
